[debug] [2021-03-06T04:45:30.388Z] ----------------------------------------------------------------------
[debug] [2021-03-06T04:45:30.392Z] Command:       C:\Program Files\nodejs\node.exe C:\Program Files\nodejs\node_modules\firebase-tools\lib\bin\firebase.js init
[debug] [2021-03-06T04:45:30.392Z] CLI Version:   9.5.0
[debug] [2021-03-06T04:45:30.392Z] Platform:      win32
[debug] [2021-03-06T04:45:30.392Z] Node Version:  v12.18.4
[debug] [2021-03-06T04:45:30.393Z] Time:          Sat Mar 06 2021 00:45:30 GMT-0400 (GMT-04:00)
[debug] [2021-03-06T04:45:30.393Z] ----------------------------------------------------------------------
[debug] [2021-03-06T04:45:30.394Z] 
[debug] [2021-03-06T04:45:30.403Z] > command requires scopes: ["email","openid","https://www.googleapis.com/auth/cloudplatformprojects.readonly","https://www.googleapis.com/auth/firebase","https://www.googleapis.com/auth/cloud-platform"]
[debug] [2021-03-06T04:45:30.404Z] > authorizing via signed-in user
[info] 
     ######## #### ########  ######## ########     ###     ######  ########
     ##        ##  ##     ## ##       ##     ##  ##   ##  ##       ##
     ######    ##  ########  ######   ########  #########  ######  ######
     ##        ##  ##    ##  ##       ##     ## ##     ##       ## ##
     ##       #### ##     ## ######## ########  ##     ##  ######  ########

You're about to initialize a Firebase project in this directory:

  C:\Users\javie\Desktop\Microproyecto2-Jerez-Morle

[info] 
=== Project Setup
[info] 
[info] First, let's associate this project directory with a Firebase project.
[info] You can create multiple project aliases by running firebase use --add, 
[info] but for now we'll just set up a default project.
[info] 
